<?xml version="1.0" encoding="UTF-8"?>
<!-- Generated by org.testng.reporters.JUnitXMLReporter -->
<testsuite ignored="0" hostname="LAPTOP-S80L74PF" failures="2" tests="3" name="Cart Tests" time="31.84" errors="0" timestamp="2026-04-13T18:13:05 IST">
  <testcase classname="tests.CartTest" name="addProductToCartTest" time="4.062">
    <failure type="org.openqa.selenium.ElementClickInterceptedException" message="element click intercepted: Element &amp;lt;a data-product-id=&amp;quot;1&amp;quot; class=&amp;quot;btn btn-default add-to-cart&amp;quot;&amp;gt;...&amp;lt;/a&amp;gt; is not clickable at point (626, 661). Other element would receive the click: &amp;lt;a data-product-id=&amp;quot;1&amp;quot; class=&amp;quot;btn btn-default add-to-cart&amp;quot;&amp;gt;...&amp;lt;/a&amp;gt;
  (Session info: chrome=147.0.7727.55)
Build info: version: &amp;apos;4.39.0&amp;apos;, revision: &amp;apos;126f156aee&amp;apos;
System info: os.name: &amp;apos;Windows 11&amp;apos;, os.arch: &amp;apos;amd64&amp;apos;, os.version: &amp;apos;10.0&amp;apos;, java.version: &amp;apos;17.0.16&amp;apos;
Driver info: org.openqa.selenium.chrome.ChromeDriver
Command: [61de64f5ccde8d6669f07ee2a739bd92, clickElement {id=f.345042C25A11589CC3D40EFABC2BC950.d.E1C142D2A2C16A0C295CEDC42EE55F41.e.74}]
Capabilities {acceptInsecureCerts: false, browserName: chrome, browserVersion: 147.0.7727.55, chrome: {chromedriverVersion: 147.0.7727.56 (b28eac7a1a97..., userDataDir: C:\Users\91996\AppData\Loca...}, fedcm:accounts: true, goog:chromeOptions: {debuggerAddress: localhost:59138}, goog:processID: 35232, networkConnectionEnabled: false, pageLoadStrategy: normal, platformName: windows, proxy: Proxy(), se:cdp: ws://localhost:59138/devtoo..., se:cdpVersion: 147.0.7727.55, setWindowRect: true, strictFileInteractability: false, timeouts: {implicit: 0, pageLoad: 300000, script: 30000}, unhandledPromptBehavior: dismiss and notify, webauthn:extension:credBlob: true, webauthn:extension:largeBlob: true, webauthn:extension:minPinLength: true, webauthn:extension:prf: true, webauthn:virtualAuthenticators: true}
Element: [[ChromeDriver: chrome on windows (61de64f5ccde8d6669f07ee2a739bd92)] -&amp;gt; xpath: //p[contains(text(),&amp;apos;Blue Top&amp;apos;)]/ancestor::div[@class=&amp;apos;product-image-wrapper&amp;apos;]//a[contains(text(),&amp;apos;Add to cart&amp;apos;)]]
Session ID: 61de64f5ccde8d6669f07ee2a739bd92">
      <![CDATA[org.openqa.selenium.ElementClickInterceptedException: element click intercepted: Element <a data-product-id="1" class="btn btn-default add-to-cart">...</a> is not clickable at point (626, 661). Other element would receive the click: <a data-product-id="1" class="btn btn-default add-to-cart">...</a>
  (Session info: chrome=147.0.7727.55)
Build info: version: '4.39.0', revision: '126f156aee'
System info: os.name: 'Windows 11', os.arch: 'amd64', os.version: '10.0', java.version: '17.0.16'
Driver info: org.openqa.selenium.chrome.ChromeDriver
Command: [61de64f5ccde8d6669f07ee2a739bd92, clickElement {id=f.345042C25A11589CC3D40EFABC2BC950.d.E1C142D2A2C16A0C295CEDC42EE55F41.e.74}]
Capabilities {acceptInsecureCerts: false, browserName: chrome, browserVersion: 147.0.7727.55, chrome: {chromedriverVersion: 147.0.7727.56 (b28eac7a1a97..., userDataDir: C:\Users\91996\AppData\Loca...}, fedcm:accounts: true, goog:chromeOptions: {debuggerAddress: localhost:59138}, goog:processID: 35232, networkConnectionEnabled: false, pageLoadStrategy: normal, platformName: windows, proxy: Proxy(), se:cdp: ws://localhost:59138/devtoo..., se:cdpVersion: 147.0.7727.55, setWindowRect: true, strictFileInteractability: false, timeouts: {implicit: 0, pageLoad: 300000, script: 30000}, unhandledPromptBehavior: dismiss and notify, webauthn:extension:credBlob: true, webauthn:extension:largeBlob: true, webauthn:extension:minPinLength: true, webauthn:extension:prf: true, webauthn:virtualAuthenticators: true}
Element: [[ChromeDriver: chrome on windows (61de64f5ccde8d6669f07ee2a739bd92)] -> xpath: //p[contains(text(),'Blue Top')]/ancestor::div[@class='product-image-wrapper']//a[contains(text(),'Add to cart')]]
Session ID: 61de64f5ccde8d6669f07ee2a739bd92
at org.openqa.selenium.remote.ErrorCodec.decode(ErrorCodec.java:167)
at org.openqa.selenium.remote.codec.w3c.W3CHttpResponseCodec.decode(W3CHttpResponseCodec.java:142)
at org.openqa.selenium.remote.codec.w3c.W3CHttpResponseCodec.decode(W3CHttpResponseCodec.java:49)
at org.openqa.selenium.remote.HttpCommandExecutor.execute(HttpCommandExecutor.java:215)
at org.openqa.selenium.remote.service.DriverCommandExecutor.invokeExecute(DriverCommandExecutor.java:216)
at org.openqa.selenium.remote.service.DriverCommandExecutor.execute(DriverCommandExecutor.java:174)
at org.openqa.selenium.remote.RemoteWebDriver.execute(RemoteWebDriver.java:561)
at org.openqa.selenium.remote.RemoteWebElement.execute(RemoteWebElement.java:223)
at org.openqa.selenium.remote.RemoteWebElement.click(RemoteWebElement.java:76)
at pages.ProductsPage.addProductToCart(ProductsPage.java:74)
at tests.CartTest.addProductToCartTest(CartTest.java:20)
at java.base/java.util.ArrayList.forEach(ArrayList.java:1511)
at java.base/java.util.concurrent.FutureTask.run(FutureTask.java:264)
at java.base/java.util.concurrent.ThreadPoolExecutor.runWorker(ThreadPoolExecutor.java:1136)
at java.base/java.util.concurrent.ThreadPoolExecutor$Worker.run(ThreadPoolExecutor.java:635)
at java.base/java.lang.Thread.run(Thread.java:842)
... Removed 22 stack frames]]>
    </failure>
  </testcase> <!-- addProductToCartTest -->
  <testcase classname="tests.CartTest" name="removeProductTest" time="4.332">
    <failure type="org.openqa.selenium.ElementClickInterceptedException" message="element click intercepted: Element &amp;lt;a data-product-id=&amp;quot;6&amp;quot; class=&amp;quot;btn btn-default add-to-cart&amp;quot;&amp;gt;...&amp;lt;/a&amp;gt; is not clickable at point (1201, 591). Other element would receive the click: &amp;lt;a data-product-id=&amp;quot;6&amp;quot; class=&amp;quot;btn btn-default add-to-cart&amp;quot;&amp;gt;...&amp;lt;/a&amp;gt;
  (Session info: chrome=147.0.7727.55)
Build info: version: &amp;apos;4.39.0&amp;apos;, revision: &amp;apos;126f156aee&amp;apos;
System info: os.name: &amp;apos;Windows 11&amp;apos;, os.arch: &amp;apos;amd64&amp;apos;, os.version: &amp;apos;10.0&amp;apos;, java.version: &amp;apos;17.0.16&amp;apos;
Driver info: org.openqa.selenium.chrome.ChromeDriver
Command: [0a622a759372c8c54080d8e3b456901e, clickElement {id=f.DECF4D568597071A4A3C20C37ACF6E8F.d.02DD18B460555B1192357732E137BAD7.e.124}]
Capabilities {acceptInsecureCerts: false, browserName: chrome, browserVersion: 147.0.7727.55, chrome: {chromedriverVersion: 147.0.7727.56 (b28eac7a1a97..., userDataDir: C:\Users\91996\AppData\Loca...}, fedcm:accounts: true, goog:chromeOptions: {debuggerAddress: localhost:50167}, goog:processID: 11488, networkConnectionEnabled: false, pageLoadStrategy: normal, platformName: windows, proxy: Proxy(), se:cdp: ws://localhost:50167/devtoo..., se:cdpVersion: 147.0.7727.55, setWindowRect: true, strictFileInteractability: false, timeouts: {implicit: 0, pageLoad: 300000, script: 30000}, unhandledPromptBehavior: dismiss and notify, webauthn:extension:credBlob: true, webauthn:extension:largeBlob: true, webauthn:extension:minPinLength: true, webauthn:extension:prf: true, webauthn:virtualAuthenticators: true}
Element: [[ChromeDriver: chrome on windows (0a622a759372c8c54080d8e3b456901e)] -&amp;gt; xpath: //p[contains(text(),&amp;apos;Summer White Top&amp;apos;)]/ancestor::div[@class=&amp;apos;product-image-wrapper&amp;apos;]//a[contains(text(),&amp;apos;Add to cart&amp;apos;)]]
Session ID: 0a622a759372c8c54080d8e3b456901e">
      <![CDATA[org.openqa.selenium.ElementClickInterceptedException: element click intercepted: Element <a data-product-id="6" class="btn btn-default add-to-cart">...</a> is not clickable at point (1201, 591). Other element would receive the click: <a data-product-id="6" class="btn btn-default add-to-cart">...</a>
  (Session info: chrome=147.0.7727.55)
Build info: version: '4.39.0', revision: '126f156aee'
System info: os.name: 'Windows 11', os.arch: 'amd64', os.version: '10.0', java.version: '17.0.16'
Driver info: org.openqa.selenium.chrome.ChromeDriver
Command: [0a622a759372c8c54080d8e3b456901e, clickElement {id=f.DECF4D568597071A4A3C20C37ACF6E8F.d.02DD18B460555B1192357732E137BAD7.e.124}]
Capabilities {acceptInsecureCerts: false, browserName: chrome, browserVersion: 147.0.7727.55, chrome: {chromedriverVersion: 147.0.7727.56 (b28eac7a1a97..., userDataDir: C:\Users\91996\AppData\Loca...}, fedcm:accounts: true, goog:chromeOptions: {debuggerAddress: localhost:50167}, goog:processID: 11488, networkConnectionEnabled: false, pageLoadStrategy: normal, platformName: windows, proxy: Proxy(), se:cdp: ws://localhost:50167/devtoo..., se:cdpVersion: 147.0.7727.55, setWindowRect: true, strictFileInteractability: false, timeouts: {implicit: 0, pageLoad: 300000, script: 30000}, unhandledPromptBehavior: dismiss and notify, webauthn:extension:credBlob: true, webauthn:extension:largeBlob: true, webauthn:extension:minPinLength: true, webauthn:extension:prf: true, webauthn:virtualAuthenticators: true}
Element: [[ChromeDriver: chrome on windows (0a622a759372c8c54080d8e3b456901e)] -> xpath: //p[contains(text(),'Summer White Top')]/ancestor::div[@class='product-image-wrapper']//a[contains(text(),'Add to cart')]]
Session ID: 0a622a759372c8c54080d8e3b456901e
at org.openqa.selenium.remote.ErrorCodec.decode(ErrorCodec.java:167)
at org.openqa.selenium.remote.codec.w3c.W3CHttpResponseCodec.decode(W3CHttpResponseCodec.java:142)
at org.openqa.selenium.remote.codec.w3c.W3CHttpResponseCodec.decode(W3CHttpResponseCodec.java:49)
at org.openqa.selenium.remote.HttpCommandExecutor.execute(HttpCommandExecutor.java:215)
at org.openqa.selenium.remote.service.DriverCommandExecutor.invokeExecute(DriverCommandExecutor.java:216)
at org.openqa.selenium.remote.service.DriverCommandExecutor.execute(DriverCommandExecutor.java:174)
at org.openqa.selenium.remote.RemoteWebDriver.execute(RemoteWebDriver.java:561)
at org.openqa.selenium.remote.RemoteWebElement.execute(RemoteWebElement.java:223)
at org.openqa.selenium.remote.RemoteWebElement.click(RemoteWebElement.java:76)
at pages.ProductsPage.addProductToCart(ProductsPage.java:74)
at tests.CartTest.removeProductTest(CartTest.java:34)
at java.base/java.util.ArrayList.forEach(ArrayList.java:1511)
at java.base/java.util.concurrent.FutureTask.run(FutureTask.java:264)
at java.base/java.util.concurrent.ThreadPoolExecutor.runWorker(ThreadPoolExecutor.java:1136)
at java.base/java.util.concurrent.ThreadPoolExecutor$Worker.run(ThreadPoolExecutor.java:635)
at java.base/java.lang.Thread.run(Thread.java:842)
... Removed 22 stack frames]]>
    </failure>
  </testcase> <!-- removeProductTest -->
  <testcase classname="tests.CartTest" name="verifyCartCountTest" time="5.524"/>
</testsuite> <!-- Cart Tests -->
