<?xml version="1.0" encoding="UTF-8"?>
<!-- Generated by org.testng.reporters.JUnitXMLReporter -->
<testsuite ignored="0" hostname="LAPTOP-S80L74PF" failures="1" tests="1" name="Demo Tests" time="6.007" errors="0" timestamp="2026-04-13T18:13:11 IST">
  <testcase classname="tests.DemoTest" name="demoFailureTest" time="0.127">
    <failure type="java.lang.AssertionError" message="Intentional failure to demonstrate screenshot capture expected [true] but found [false]">
      <![CDATA[java.lang.AssertionError: Intentional failure to demonstrate screenshot capture expected [true] but found [false]
at tests.DemoTest.demoFailureTest(DemoTest.java:12)
at java.base/java.util.ArrayList.forEach(ArrayList.java:1511)
at java.base/java.util.concurrent.FutureTask.run(FutureTask.java:264)
at java.base/java.util.concurrent.ThreadPoolExecutor.runWorker(ThreadPoolExecutor.java:1136)
at java.base/java.util.concurrent.ThreadPoolExecutor$Worker.run(ThreadPoolExecutor.java:635)
at java.base/java.lang.Thread.run(Thread.java:842)
... Removed 20 stack frames]]>
    </failure>
  </testcase> <!-- demoFailureTest -->
</testsuite> <!-- Demo Tests -->
