<?xml version="1.0" encoding="UTF-8"?>
<!-- Generated by org.testng.reporters.JUnitXMLReporter -->
<testsuite ignored="0" hostname="LAPTOP-S80L74PF" failures="0" tests="14" name="Ecommerce Tests" time="160.956" errors="0" timestamp="2026-04-13T18:19:37 IST">
  <testcase classname="tests.LoginTest" name="login" time="3.372"/>
  <testcase classname="tests.LoginTest" name="login" time="7.616"/>
  <testcase classname="tests.LoginTest" name="login" time="4.584"/>
  <testcase classname="tests.LoginTest" name="verifyLogout" time="8.406"/>
  <testcase classname="tests.RegisterTest" name="emptyFieldsValidationTest" time="2.158"/>
  <testcase classname="tests.RegisterTest" name="invalidEmailTest" time="1.795"/>
  <testcase classname="tests.ProductsTest" name="categoryNavigationTest" time="4.345"/>
  <testcase classname="tests.ProductsTest" name="productDetailTest" time="4.789"/>
  <testcase classname="tests.ProductsTest" name="searchProductTest" time="3.788"/>
  <testcase classname="tests.CartTest" name="addProductToCartTest" time="5.348"/>
  <testcase classname="tests.CartTest" name="removeProductTest" time="6.06"/>
  <testcase classname="tests.CartTest" name="verifyCartCountTest" time="7.055"/>
  <testcase classname="tests.CheckoutTest" name="checkoutWithoutLogin" time="7.71"/>
  <testcase classname="tests.CheckoutTest" name="completeCheckoutFlow" time="18.147"/>
</testsuite> <!-- Ecommerce Tests -->
