<?xml version="1.0" encoding="UTF-8"?>
<!-- Generated by org.testng.reporters.JUnitXMLReporter -->
<testsuite ignored="0" hostname="LAPTOP-S80L74PF" failures="0" tests="14" name="Functional Tests" time="243.66" errors="0" timestamp="2026-04-13T20:04:47 IST">
  <testcase classname="tests.LoginTest" name="login" time="2.415"/>
  <testcase classname="tests.LoginTest" name="login" time="5.307"/>
  <testcase classname="tests.LoginTest" name="login" time="1.954"/>
  <testcase classname="tests.LoginTest" name="verifyLogout" time="6.47"/>
  <testcase classname="tests.RegisterTest" name="emptyFieldsValidationTest" time="1.322"/>
  <testcase classname="tests.RegisterTest" name="invalidEmailTest" time="1.763"/>
  <testcase classname="tests.ProductsTest" name="categoryNavigationTest" time="4.502"/>
  <testcase classname="tests.ProductsTest" name="productDetailTest" time="4.329"/>
  <testcase classname="tests.ProductsTest" name="searchProductTest" time="5.932"/>
  <testcase classname="tests.CartTest" name="addProductToCartTest" time="26.043"/>
  <testcase classname="tests.CartTest" name="removeProductTest" time="30.922"/>
  <testcase classname="tests.CartTest" name="verifyCartCountTest" time="5.678"/>
  <testcase classname="tests.CheckoutTest" name="checkoutWithoutLogin" time="5.386"/>
  <testcase classname="tests.CheckoutTest" name="completeCheckoutFlow" time="66.77"/>
</testsuite> <!-- Functional Tests -->
