<?xml version="1.0" encoding="UTF-8"?>
<!-- Generated by org.testng.reporters.JUnitXMLReporter -->
<testsuite ignored="0" hostname="LAPTOP-S80L74PF" failures="0" tests="3" name="Product Tests" time="43.022" errors="0" timestamp="2026-04-13T18:12:33 IST">
  <testcase classname="tests.ProductsTest" name="categoryNavigationTest" time="5.824"/>
  <testcase classname="tests.ProductsTest" name="productDetailTest" time="4.628"/>
  <testcase classname="tests.ProductsTest" name="searchProductTest" time="8.403"/>
</testsuite> <!-- Product Tests -->
