<?xml version="1.0" encoding="UTF-8"?>
<!-- Generated by org.testng.reporters.JUnitXMLReporter -->
<testsuite ignored="0" hostname="LAPTOP-S80L74PF" failures="0" tests="6" name="User Authentication Tests" time="73.021" errors="0" timestamp="2026-04-13T18:13:03 IST">
  <testcase classname="tests.LoginTest" name="login" time="6.014"/>
  <testcase classname="tests.LoginTest" name="login" time="6.452"/>
  <testcase classname="tests.LoginTest" name="login" time="3.55"/>
  <testcase classname="tests.LoginTest" name="verifyLogout" time="11.285"/>
  <testcase classname="tests.RegisterTest" name="emptyFieldsValidationTest" time="3.248"/>
  <testcase classname="tests.RegisterTest" name="invalidEmailTest" time="2.738"/>
</testsuite> <!-- User Authentication Tests -->
