<?xml version="1.0" encoding="UTF-8"?>
<testng-results ignored="0" total="15" passed="15" failed="0" skipped="0">
  <reporter-output>
  </reporter-output>
  <suite started-at="2026-04-13T20:00:43 IST" name="Automation Suite" finished-at="2026-04-13T20:06:33 IST" duration-ms="350542">
    <groups>
    </groups>
    <test started-at="2026-04-13T20:00:43 IST" name="Functional Tests" finished-at="2026-04-13T20:04:46 IST" duration-ms="243660">
      <class name="tests.LoginTest">
        <test-method is-config="true" signature="setUp()[pri:0, instance:tests.LoginTest@41330d4f]" started-at="2026-04-13T20:00:44 IST" name="setUp" finished-at="2026-04-13T20:00:50 IST" duration-ms="6108" status="PASS">
          <reporter-output>
          </reporter-output>
        </test-method> <!-- setUp -->
        <test-method signature="login(java.lang.String,java.lang.String,java.lang.String)[pri:0, instance:tests.LoginTest@41330d4f]" started-at="2026-04-13T20:00:50 IST" name="login" data-provider="LoginData" finished-at="2026-04-13T20:00:53 IST" duration-ms="2415" status="PASS">
          <params>
            <param index="0">
              <value>
                <![CDATA[vaishnavip@gmail.com]]>
              </value>
            </param>
            <param index="1">
              <value>
                <![CDATA[Vaishnavi1018]]>
              </value>
            </param>
            <param index="2">
              <value>
                <![CDATA[failure]]>
              </value>
            </param>
          </params>
          <reporter-output>
          </reporter-output>
        </test-method> <!-- login -->
        <test-method is-config="true" signature="tearDown()[pri:0, instance:tests.LoginTest@41330d4f]" started-at="2026-04-13T20:00:53 IST" name="tearDown" finished-at="2026-04-13T20:00:53 IST" duration-ms="265" status="PASS">
          <reporter-output>
          </reporter-output>
        </test-method> <!-- tearDown -->
        <test-method is-config="true" signature="setUp()[pri:0, instance:tests.LoginTest@41330d4f]" started-at="2026-04-13T20:00:53 IST" name="setUp" finished-at="2026-04-13T20:00:56 IST" duration-ms="2981" status="PASS">
          <reporter-output>
          </reporter-output>
        </test-method> <!-- setUp -->
        <test-method signature="login(java.lang.String,java.lang.String,java.lang.String)[pri:0, instance:tests.LoginTest@41330d4f]" started-at="2026-04-13T20:00:56 IST" name="login" data-provider="LoginData" finished-at="2026-04-13T20:01:01 IST" duration-ms="5307" status="PASS">
          <params>
            <param index="0">
              <value>
                <![CDATA[vaishnaviperumalla@gmail.com]]>
              </value>
            </param>
            <param index="1">
              <value>
                <![CDATA[Password123]]>
              </value>
            </param>
            <param index="2">
              <value>
                <![CDATA[success]]>
              </value>
            </param>
          </params>
          <reporter-output>
          </reporter-output>
        </test-method> <!-- login -->
        <test-method is-config="true" signature="tearDown()[pri:0, instance:tests.LoginTest@41330d4f]" started-at="2026-04-13T20:01:01 IST" name="tearDown" finished-at="2026-04-13T20:01:01 IST" duration-ms="277" status="PASS">
          <reporter-output>
          </reporter-output>
        </test-method> <!-- tearDown -->
        <test-method is-config="true" signature="setUp()[pri:0, instance:tests.LoginTest@41330d4f]" started-at="2026-04-13T20:01:01 IST" name="setUp" finished-at="2026-04-13T20:01:05 IST" duration-ms="3505" status="PASS">
          <reporter-output>
          </reporter-output>
        </test-method> <!-- setUp -->
        <test-method signature="login(java.lang.String,java.lang.String,java.lang.String)[pri:0, instance:tests.LoginTest@41330d4f]" started-at="2026-04-13T20:01:05 IST" name="login" data-provider="LoginData" finished-at="2026-04-13T20:01:07 IST" duration-ms="1954" status="PASS">
          <params>
            <param index="0">
              <value>
                <![CDATA[vaishnavi1018@gmail.com]]>
              </value>
            </param>
            <param index="1">
              <value>
                <![CDATA[Vaishu1018]]>
              </value>
            </param>
            <param index="2">
              <value>
                <![CDATA[failure]]>
              </value>
            </param>
          </params>
          <reporter-output>
          </reporter-output>
        </test-method> <!-- login -->
        <test-method is-config="true" signature="tearDown()[pri:0, instance:tests.LoginTest@41330d4f]" started-at="2026-04-13T20:01:07 IST" name="tearDown" finished-at="2026-04-13T20:01:07 IST" duration-ms="266" status="PASS">
          <reporter-output>
          </reporter-output>
        </test-method> <!-- tearDown -->
        <test-method is-config="true" signature="setUp()[pri:0, instance:tests.LoginTest@41330d4f]" started-at="2026-04-13T20:01:07 IST" name="setUp" finished-at="2026-04-13T20:01:13 IST" duration-ms="5701" status="PASS">
          <reporter-output>
          </reporter-output>
        </test-method> <!-- setUp -->
        <test-method signature="verifyLogout()[pri:0, instance:tests.LoginTest@41330d4f]" started-at="2026-04-13T20:01:13 IST" name="verifyLogout" finished-at="2026-04-13T20:01:19 IST" duration-ms="6470" status="PASS">
          <reporter-output>
          </reporter-output>
        </test-method> <!-- verifyLogout -->
        <test-method is-config="true" signature="tearDown()[pri:0, instance:tests.LoginTest@41330d4f]" started-at="2026-04-13T20:01:19 IST" name="tearDown" finished-at="2026-04-13T20:01:20 IST" duration-ms="336" status="PASS">
          <reporter-output>
          </reporter-output>
        </test-method> <!-- tearDown -->
      </class> <!-- tests.LoginTest -->
      <class name="tests.CartTest">
        <test-method is-config="true" signature="setUp()[pri:0, instance:tests.CartTest@5c86dbc5]" started-at="2026-04-13T20:01:57 IST" name="setUp" finished-at="2026-04-13T20:02:01 IST" duration-ms="3865" status="PASS">
          <reporter-output>
          </reporter-output>
        </test-method> <!-- setUp -->
        <test-method signature="addProductToCartTest()[pri:0, instance:tests.CartTest@5c86dbc5]" started-at="2026-04-13T20:02:01 IST" name="addProductToCartTest" finished-at="2026-04-13T20:02:27 IST" duration-ms="26043" status="PASS">
          <reporter-output>
          </reporter-output>
        </test-method> <!-- addProductToCartTest -->
        <test-method is-config="true" signature="tearDown()[pri:0, instance:tests.CartTest@5c86dbc5]" started-at="2026-04-13T20:02:27 IST" name="tearDown" finished-at="2026-04-13T20:02:27 IST" duration-ms="234" status="PASS">
          <reporter-output>
          </reporter-output>
        </test-method> <!-- tearDown -->
        <test-method is-config="true" signature="setUp()[pri:0, instance:tests.CartTest@5c86dbc5]" started-at="2026-04-13T20:02:27 IST" name="setUp" finished-at="2026-04-13T20:02:32 IST" duration-ms="4738" status="PASS">
          <reporter-output>
          </reporter-output>
        </test-method> <!-- setUp -->
        <test-method signature="removeProductTest()[pri:0, instance:tests.CartTest@5c86dbc5]" started-at="2026-04-13T20:02:32 IST" name="removeProductTest" finished-at="2026-04-13T20:03:03 IST" duration-ms="30922" status="PASS">
          <reporter-output>
          </reporter-output>
        </test-method> <!-- removeProductTest -->
        <test-method is-config="true" signature="tearDown()[pri:0, instance:tests.CartTest@5c86dbc5]" started-at="2026-04-13T20:03:03 IST" name="tearDown" finished-at="2026-04-13T20:03:03 IST" duration-ms="245" status="PASS">
          <reporter-output>
          </reporter-output>
        </test-method> <!-- tearDown -->
        <test-method is-config="true" signature="setUp()[pri:0, instance:tests.CartTest@5c86dbc5]" started-at="2026-04-13T20:03:03 IST" name="setUp" finished-at="2026-04-13T20:03:07 IST" duration-ms="3690" status="PASS">
          <reporter-output>
          </reporter-output>
        </test-method> <!-- setUp -->
        <test-method signature="verifyCartCountTest()[pri:0, instance:tests.CartTest@5c86dbc5]" started-at="2026-04-13T20:03:07 IST" name="verifyCartCountTest" finished-at="2026-04-13T20:03:12 IST" duration-ms="5678" status="PASS">
          <reporter-output>
          </reporter-output>
        </test-method> <!-- verifyCartCountTest -->
        <test-method is-config="true" signature="tearDown()[pri:0, instance:tests.CartTest@5c86dbc5]" started-at="2026-04-13T20:03:12 IST" name="tearDown" finished-at="2026-04-13T20:03:13 IST" duration-ms="230" status="PASS">
          <reporter-output>
          </reporter-output>
        </test-method> <!-- tearDown -->
      </class> <!-- tests.CartTest -->
      <class name="tests.CheckoutTest">
        <test-method is-config="true" signature="setUp()[pri:0, instance:tests.CheckoutTest@461ad730]" started-at="2026-04-13T20:03:13 IST" name="setUp" finished-at="2026-04-13T20:03:16 IST" duration-ms="3678" status="PASS">
          <reporter-output>
          </reporter-output>
        </test-method> <!-- setUp -->
        <test-method signature="checkoutWithoutLogin()[pri:0, instance:tests.CheckoutTest@461ad730]" started-at="2026-04-13T20:03:16 IST" name="checkoutWithoutLogin" finished-at="2026-04-13T20:03:22 IST" duration-ms="5386" status="PASS">
          <reporter-output>
          </reporter-output>
        </test-method> <!-- checkoutWithoutLogin -->
        <test-method is-config="true" signature="tearDown()[pri:0, instance:tests.CheckoutTest@461ad730]" started-at="2026-04-13T20:03:22 IST" name="tearDown" finished-at="2026-04-13T20:03:22 IST" duration-ms="235" status="PASS">
          <reporter-output>
          </reporter-output>
        </test-method> <!-- tearDown -->
        <test-method is-config="true" signature="setUp()[pri:0, instance:tests.CheckoutTest@461ad730]" started-at="2026-04-13T20:03:22 IST" name="setUp" finished-at="2026-04-13T20:03:39 IST" duration-ms="17407" status="PASS">
          <reporter-output>
          </reporter-output>
        </test-method> <!-- setUp -->
        <test-method signature="completeCheckoutFlow()[pri:0, instance:tests.CheckoutTest@461ad730]" started-at="2026-04-13T20:03:39 IST" name="completeCheckoutFlow" finished-at="2026-04-13T20:04:46 IST" duration-ms="66770" status="PASS">
          <reporter-output>
          </reporter-output>
        </test-method> <!-- completeCheckoutFlow -->
        <test-method is-config="true" signature="tearDown()[pri:0, instance:tests.CheckoutTest@461ad730]" started-at="2026-04-13T20:04:46 IST" name="tearDown" finished-at="2026-04-13T20:04:46 IST" duration-ms="301" status="PASS">
          <reporter-output>
          </reporter-output>
        </test-method> <!-- tearDown -->
      </class> <!-- tests.CheckoutTest -->
      <class name="tests.ProductsTest">
        <test-method is-config="true" signature="setUp()[pri:0, instance:tests.ProductsTest@10289886]" started-at="2026-04-13T20:01:31 IST" name="setUp" finished-at="2026-04-13T20:01:34 IST" duration-ms="3595" status="PASS">
          <reporter-output>
          </reporter-output>
        </test-method> <!-- setUp -->
        <test-method signature="categoryNavigationTest()[pri:0, instance:tests.ProductsTest@10289886]" started-at="2026-04-13T20:01:34 IST" name="categoryNavigationTest" finished-at="2026-04-13T20:01:39 IST" duration-ms="4502" status="PASS">
          <reporter-output>
          </reporter-output>
        </test-method> <!-- categoryNavigationTest -->
        <test-method is-config="true" signature="tearDown()[pri:0, instance:tests.ProductsTest@10289886]" started-at="2026-04-13T20:01:39 IST" name="tearDown" finished-at="2026-04-13T20:01:39 IST" duration-ms="274" status="PASS">
          <reporter-output>
          </reporter-output>
        </test-method> <!-- tearDown -->
        <test-method is-config="true" signature="setUp()[pri:0, instance:tests.ProductsTest@10289886]" started-at="2026-04-13T20:01:39 IST" name="setUp" finished-at="2026-04-13T20:01:43 IST" duration-ms="3632" status="PASS">
          <reporter-output>
          </reporter-output>
        </test-method> <!-- setUp -->
        <test-method signature="productDetailTest()[pri:0, instance:tests.ProductsTest@10289886]" started-at="2026-04-13T20:01:43 IST" name="productDetailTest" finished-at="2026-04-13T20:01:47 IST" duration-ms="4329" status="PASS">
          <reporter-output>
          </reporter-output>
        </test-method> <!-- productDetailTest -->
        <test-method is-config="true" signature="tearDown()[pri:0, instance:tests.ProductsTest@10289886]" started-at="2026-04-13T20:01:47 IST" name="tearDown" finished-at="2026-04-13T20:01:47 IST" duration-ms="324" status="PASS">
          <reporter-output>
          </reporter-output>
        </test-method> <!-- tearDown -->
        <test-method is-config="true" signature="setUp()[pri:0, instance:tests.ProductsTest@10289886]" started-at="2026-04-13T20:01:47 IST" name="setUp" finished-at="2026-04-13T20:01:51 IST" duration-ms="3571" status="PASS">
          <reporter-output>
          </reporter-output>
        </test-method> <!-- setUp -->
        <test-method signature="searchProductTest()[pri:0, instance:tests.ProductsTest@10289886]" started-at="2026-04-13T20:01:51 IST" name="searchProductTest" finished-at="2026-04-13T20:01:57 IST" duration-ms="5932" status="PASS">
          <reporter-output>
          </reporter-output>
        </test-method> <!-- searchProductTest -->
        <test-method is-config="true" signature="tearDown()[pri:0, instance:tests.ProductsTest@10289886]" started-at="2026-04-13T20:01:57 IST" name="tearDown" finished-at="2026-04-13T20:01:57 IST" duration-ms="223" status="PASS">
          <reporter-output>
          </reporter-output>
        </test-method> <!-- tearDown -->
      </class> <!-- tests.ProductsTest -->
      <class name="tests.RegisterTest">
        <test-method is-config="true" signature="setUp()[pri:0, instance:tests.RegisterTest@24959ca4]" started-at="2026-04-13T20:01:20 IST" name="setUp" finished-at="2026-04-13T20:01:23 IST" duration-ms="3672" status="PASS">
          <reporter-output>
          </reporter-output>
        </test-method> <!-- setUp -->
        <test-method signature="emptyFieldsValidationTest()[pri:0, instance:tests.RegisterTest@24959ca4]" started-at="2026-04-13T20:01:23 IST" name="emptyFieldsValidationTest" finished-at="2026-04-13T20:01:25 IST" duration-ms="1322" status="PASS">
          <reporter-output>
          </reporter-output>
        </test-method> <!-- emptyFieldsValidationTest -->
        <test-method is-config="true" signature="tearDown()[pri:0, instance:tests.RegisterTest@24959ca4]" started-at="2026-04-13T20:01:25 IST" name="tearDown" finished-at="2026-04-13T20:01:25 IST" duration-ms="284" status="PASS">
          <reporter-output>
          </reporter-output>
        </test-method> <!-- tearDown -->
        <test-method is-config="true" signature="setUp()[pri:0, instance:tests.RegisterTest@24959ca4]" started-at="2026-04-13T20:01:25 IST" name="setUp" finished-at="2026-04-13T20:01:28 IST" duration-ms="3497" status="PASS">
          <reporter-output>
          </reporter-output>
        </test-method> <!-- setUp -->
        <test-method signature="invalidEmailTest()[pri:0, instance:tests.RegisterTest@24959ca4]" started-at="2026-04-13T20:01:28 IST" name="invalidEmailTest" finished-at="2026-04-13T20:01:30 IST" duration-ms="1763" status="PASS">
          <reporter-output>
          </reporter-output>
        </test-method> <!-- invalidEmailTest -->
        <test-method is-config="true" signature="tearDown()[pri:0, instance:tests.RegisterTest@24959ca4]" started-at="2026-04-13T20:01:30 IST" name="tearDown" finished-at="2026-04-13T20:01:31 IST" duration-ms="362" status="PASS">
          <reporter-output>
          </reporter-output>
        </test-method> <!-- tearDown -->
      </class> <!-- tests.RegisterTest -->
    </test> <!-- Functional Tests -->
    <test started-at="2026-04-13T20:04:47 IST" name="End To End Test" finished-at="2026-04-13T20:06:33 IST" duration-ms="106483">
      <class name="tests.EndToEndTest">
        <test-method is-config="true" signature="setUp()[pri:0, instance:tests.EndToEndTest@81d9a72]" started-at="2026-04-13T20:04:47 IST" name="setUp" finished-at="2026-04-13T20:04:52 IST" duration-ms="5674" status="PASS">
          <reporter-output>
          </reporter-output>
        </test-method> <!-- setUp -->
        <test-method signature="endToEndFlowTest()[pri:0, instance:tests.EndToEndTest@81d9a72]" started-at="2026-04-13T20:04:52 IST" name="endToEndFlowTest" finished-at="2026-04-13T20:06:33 IST" duration-ms="100492" status="PASS">
          <reporter-output>
          </reporter-output>
        </test-method> <!-- endToEndFlowTest -->
        <test-method is-config="true" signature="tearDown()[pri:0, instance:tests.EndToEndTest@81d9a72]" started-at="2026-04-13T20:06:33 IST" name="tearDown" finished-at="2026-04-13T20:06:33 IST" duration-ms="307" status="PASS">
          <reporter-output>
          </reporter-output>
        </test-method> <!-- tearDown -->
      </class> <!-- tests.EndToEndTest -->
    </test> <!-- End To End Test -->
  </suite> <!-- Automation Suite -->
</testng-results>
