<?xml version="1.0" encoding="UTF-8"?>
<!-- Generated by org.testng.reporters.JUnitReportReporter -->
<testsuite hostname="LAPTOP-S80L74PF" failures="0" tests="3" name="tests.CartTest" time="75.645" errors="0" timestamp="2026-04-13T20:06:34 IST" skipped="0">
  <testcase classname="tests.CartTest" name="addProductToCartTest" time="29.978"/>
  <testcase classname="tests.CartTest" name="removeProductTest" time="35.017"/>
  <testcase classname="tests.CartTest" name="verifyCartCountTest" time="10.650"/>
</testsuite> <!-- tests.CartTest -->
