<?xml version="1.0" encoding="UTF-8"?>
<!-- Generated by org.testng.reporters.JUnitReportReporter -->
<testsuite hostname="LAPTOP-S80L74PF" failures="0" tests="4" name="tests.LoginTest" time="35.585" errors="0" timestamp="2026-04-13T20:06:33 IST" skipped="0">
  <testcase classname="tests.LoginTest" name="login" time="5.732"/>
  <testcase classname="tests.LoginTest" name="login" time="9.077"/>
  <testcase classname="tests.LoginTest" name="login" time="8.339"/>
  <testcase classname="tests.LoginTest" name="verifyLogout" time="12.437"/>
</testsuite> <!-- tests.LoginTest -->
