<?xml version="1.0" encoding="UTF-8"?>
<!-- Generated by org.testng.reporters.JUnitReportReporter -->
<testsuite hostname="LAPTOP-S80L74PF" failures="0" tests="3" name="tests.ProductsTest" time="26.382" errors="0" timestamp="2026-04-13T20:06:34 IST" skipped="0">
  <testcase classname="tests.ProductsTest" name="searchProductTest" time="9.726"/>
  <testcase classname="tests.ProductsTest" name="productDetailTest" time="8.235"/>
  <testcase classname="tests.ProductsTest" name="categoryNavigationTest" time="8.421"/>
</testsuite> <!-- tests.ProductsTest -->
